2342 284.700000
3634 272.800000
3833 268.100000
6220 262.200000
7327 254.600000
8113 259.600000
10123 261.600000
11013 263.700000
11326 244.800000
11719 238.300000
13405 236.200000
13989 225.300000
17695 182.200000
19988 189.200000
22977 191.600000
26303 188.500000
27062 191.700000
31447 205.400000
33884 209.100000
39880 209.100000
44766 189.300000
47024 188.400000
48229 210.100000
49414 215.700000
51174 190.400000
57068 221.800000
57799 210.400000
63687 195.400000
65701 191.400000
66883 195.000000
72849 227.400000
75360 229.200000
78995 217.100000
80059 221.800000
82858 231.000000
84929 241.100000
85727 236.400000
86323 228.100000
87180 214.200000
88051 217.000000
89363 208.000000
91691 224.300000
92460 228.400000
95349 232.100000
99842 225.900000
100833 230.900000
101829 236.900000
103372 228.200000
105213 236.900000
106203 230.700000
108308 238.200000
108994 245.700000
110253 251.300000
111456 256.800000
112577 266.300000
113472 261.400000
114082 274.600000
114738 273.300000
116175 262.500000
117519 267.600000
118396 273.800000
119273 272.000000
120002 265.200000
120652 277.700000
121961 272.200000
122606 276.500000
123815 268.700000
123858 266.600000
124306 266.300000
124571 279.800000
124876 277.200000
125746 273.800000
126023 267.100000
126475 262.500000
126809 262.600000
127445 275.400000
128300 274.100000
128399 287.100000
128652 286.800000
129007 282.700000
129411 264.100000
129755 263.400000
130167 259.000000
131789 240.400000
133334 224.000000
134205 208.900000
135003 204.600000
135683 198.100000
135976 201.800000
136359 202.500000
136659 195.900000
137383 194.400000
137694 193.400000
138226 190.200000
139445 192.300000
141312 196.500000
142357 190.400000
145435 197.000000
150303 191.900000
154471 189.000000
155299 185.500000
160494 204.400000
162996 191.600000
165278 183.800000
169870 197.900000
172596 197.800000
175440 190.300000
176271 190.100000
178550 207.700000
180779 213.200000
181617 217.700000
183355 199.800000
185063 203.500000
187199 210.700000
189335 231.400000
191057 231.500000
192632 218.000000
195625 220.100000
199025 242.600000
202212 251.000000
203191 239.100000
204283 247.700000
205148 244.400000
205715 232.200000
206119 228.700000
207991 238.200000
209414 242.200000
210022 244.600000
210830 247.300000
211005 252.000000
212281 257.400000
214153 251.200000
215041 241.400000
215593 240.300000
215879 242.700000
216459 247.500000
217009 251.700000
217271 251.200000
217676 245.400000
218342 240.500000
219680 212.200000
220182 216.200000
220760 207.200000
221054 208.900000
221612 205.700000
222958 203.400000
223446 215.700000
224630 236.900000
225299 234.500000
225509 233.100000
225888 224.500000
226710 232.400000
227384 233.900000
227840 241.700000
230703 245.200000
231382 252.200000
231990 241.400000
232570 247.400000
233102 243.100000
233646 239.200000
234126 245.700000
234470 245.900000
234781 247.400000
235213 252.900000
236236 259.800000
237831 279.000000
238935 263.800000
239250 252.400000
239545 249.900000
240201 230.400000
240577 219.400000
242068 214.700000
243653 200.200000
244215 213.900000
244863 195.400000
245483 196.700000
247447 199.000000
248087 201.900000
248980 204.000000
250461 203.900000
251521 209.700000
252959 208.900000
253880 214.700000
255233 228.200000
256053 199.900000
256501 211.700000
257247 188.700000
258477 194.200000
259228 198.900000
259958 184.700000
260754 190.400000
261595 193.900000
262411 194.200000
263207 198.400000
264046 193.200000
264834 202.200000
266492 211.000000
267434 215.400000
268679 223.700000
270680 231.400000
273012 226.400000
274445 230.400000
275218 231.000000
277925 220.400000
278602 217.200000
279543 207.700000
282301 212.700000
283492 213.200000
286217 224.400000
287846 236.200000
290571 240.200000
291769 240.700000
292474 250.200000
293676 244.900000
294615 225.900000
295849 227.900000
297131 233.200000
298051 237.900000
299020 239.000000
299877 241.900000
300646 251.700000
301496 256.800000
302456 257.200000
303334 246.900000
303953 272.700000
304590 251.700000
305306 244.700000
307131 255.900000
308101 249.200000
310039 256.300000
310930 260.400000
311774 260.300000
313493 266.300000
315143 266.200000
315940 270.200000
316681 271.900000
317445 275.200000
318980 265.000000
319754 271.800000
320378 272.700000
321386 273.200000
322111 282.400000
322582 289.200000
322827 288.400000
323485 298.700000
324189 278.200000
324991 285.800000
325527 278.700000
326239 270.500000
327114 255.700000
328097 241.900000
329267 239.700000
330208 234.200000
332293 250.200000
333627 200.700000
335290 205.200000
336972 204.900000
340165 220.400000
342998 221.200000
344735 216.200000
347610 209.200000
350765 193.000000
352412 186.200000
356838 201.200000
359688 206.400000
362766 201.900000
366221 214.700000
369563 229.700000
373014 227.000000
374561 240.000000
378194 246.900000
379633 245.900000
384909 264.700000
386579 259.300000
390589 255.200000
392451 250.200000
394628 266.300000
396713 274.700000
400390 278.000000
405844 279.700000
409022 283.700000
410831 276.300000
414085 285.500000
