-6.400000 0.000469 0.000000 0.000000
-6.300000 0.000398 0.000000 0.000000
-6.200000 0.000334 0.000000 0.000000
-6.100000 0.000277 0.000000 0.000000
-6.000000 0.000224 0.000000 0.000000
-5.900001 0.000177 0.000000 0.000000
-5.800001 0.000134 0.000000 0.000000
-5.700001 0.000095 0.000000 0.000000
-5.600001 0.000060 0.000000 0.000000
-5.500001 0.000029 0.000000 0.000000
-5.400001 0.000000 0.000000 0.000000
-5.300001 0.000000 0.000000 0.000000
-5.200001 -0.000000 0.000000 0.000000
-5.100001 0.000000 0.000000 0.000000
-5.000001 -0.000000 0.000000 0.000000
-4.900002 -0.000000 0.000000 0.000000
-4.800002 -0.000000 0.000000 0.000000
-4.700002 -0.000000 0.000000 0.000000
-4.600002 -0.000000 0.000000 0.000000
-4.500002 -0.000000 0.000000 0.000000
-4.400002 -0.000000 0.000000 0.000000
-4.300002 -0.000000 0.000000 0.000000
-4.200002 -0.000000 0.000000 0.000000
-4.100002 -0.000000 0.000000 0.000000
-4.000002 -0.000000 0.000000 0.000000
-3.900002 0.000000 0.000000 0.000000
-3.800003 0.000000 0.000000 0.000000
-3.700003 0.000000 0.000000 0.000000
-3.600003 0.000000 0.000000 0.000000
-3.500003 0.000000 0.000000 0.000000
-3.400003 0.000000 0.000000 0.000000
-3.300003 -0.000000 0.000000 0.000000
-3.200003 0.000000 0.000000 0.000000
-3.100003 -0.000000 0.000000 0.000000
-3.000003 0.000000 0.000000 0.000000
-2.900003 0.000000 0.000000 0.000000
-2.800004 -0.000000 0.000000 0.000000
-2.700004 -0.000000 0.000000 0.000000
-2.600004 -0.000000 0.000000 0.000000
-2.500004 -0.000000 0.000000 0.000000
-2.400004 -0.000000 0.000000 0.000000
-2.300004 0.000000 0.000000 0.000000
-2.200004 -0.000000 0.000000 0.000000
-2.100004 0.000000 0.000000 0.000000
-2.000004 0.000000 0.000000 0.000000
-1.900004 0.000000 0.000000 0.000000
-1.800004 0.000000 0.000000 0.000000
-1.700004 0.000000 0.000000 0.000000
-1.600004 0.000000 0.000000 0.000000
-1.500004 0.000000 0.000000 0.000000
-1.400004 0.000000 0.000000 0.000000
-1.300004 0.000000 0.000000 0.000000
-1.200004 0.000000 0.000000 0.000000
-1.100004 -0.000000 0.000000 0.000000
-1.000004 -0.000000 0.000000 0.000000
-0.900004 0.000000 0.000000 0.000000
-0.800004 0.000000 0.000000 0.000000
-0.700004 -0.000000 0.000000 0.000000
-0.600004 -0.000000 0.000000 0.000000
-0.500004 -0.000000 0.000000 0.000000
-0.400004 -0.000000 0.000000 0.000000
-0.300004 -0.000000 0.000000 0.000000
-0.200004 -0.000000 0.000000 0.000000
-0.100004 0.000000 0.000000 0.000000
-0.000004 -0.000000 0.000000 0.000000
0.099996 0.015625 0.904841 1.000000
0.199996 0.029763 0.818734 1.000000
0.299996 0.042556 0.740821 1.000000
0.399996 0.054131 0.670323 1.000000
0.499996 0.064605 0.606533 1.000000
0.599996 0.074082 0.548814 1.000000
0.699996 0.082657 0.496587 1.000000
0.799996 0.090416 0.449331 1.000000
0.899996 0.097437 0.406571 1.000000
0.999996 0.103790 0.367881 1.000000
1.099996 0.093913 0.332872 0.000000
1.199996 0.084976 0.301195 0.000000
1.299996 0.076889 0.272533 0.000000
1.399996 0.069572 0.246598 0.000000
1.499996 0.062952 0.223131 0.000000
1.599996 0.056961 0.201897 0.000000
1.699996 0.051540 0.182684 0.000000
1.799996 0.046636 0.165300 0.000000
1.899996 0.042198 0.149569 0.000000
1.999996 0.038182 0.135336 0.000000
2.099996 0.034549 0.122457 0.000000
2.199996 0.031261 0.110804 0.000000
2.299996 0.028286 0.100259 0.000000
2.399996 0.025594 0.090718 0.000000
2.499996 0.023159 0.082085 0.000000
2.599996 0.020955 0.074274 0.000000
2.699996 0.018961 0.067206 0.000000
2.799996 0.017156 0.060810 0.000000
2.899996 0.015524 0.055023 0.000000
2.999995 0.014046 0.049787 0.000000
3.099995 0.012710 0.045049 0.000000
3.199995 0.011500 0.040762 0.000000
3.299995 0.010406 0.036883 0.000000
3.399995 0.009416 0.033373 0.000000
3.499995 0.008520 0.030198 0.000000
3.599995 0.007709 0.027324 0.000000
3.699995 0.006975 0.024724 0.000000
3.799995 0.006311 0.022371 0.000000
3.899995 0.005711 0.020242 0.000000
3.999995 0.005167 0.018316 0.000000
4.099995 0.004676 0.016573 0.000000
4.199995 0.004231 0.014996 0.000000
4.299994 0.003828 0.013569 0.000000
4.399994 0.003464 0.012277 0.000000
4.499994 0.003134 0.011109 0.000000
4.599994 0.002836 0.010052 0.000000
4.699994 0.002566 0.009095 0.000000
4.799994 0.002322 0.008230 0.000000
4.899994 0.002101 0.007447 0.000000
4.999994 0.001901 0.006738 0.000000
5.099994 0.001720 0.006097 0.000000
5.199994 0.001556 0.005517 0.000000
5.299994 0.001408 0.004992 0.000000
5.399993 0.001274 0.004517 0.000000
5.499993 0.001153 0.004087 0.000000
5.599993 0.001043 0.003698 0.000000
5.699993 0.000944 0.003346 0.000000
5.799993 0.000854 0.003028 0.000000
5.899993 0.000773 0.002739 0.000000
5.999993 0.000699 0.002479 0.000000
6.099993 0.000633 0.002243 0.000000
6.199993 0.000573 0.002029 0.000000
6.299993 0.000518 0.001836 0.000000
