3823.139893 0.183681
3824.909912 0.188593
3826.679932 0.185054
3828.449951 0.181010
3830.229980 0.162193
3832.000000 0.140761
3833.770020 0.128754
3835.540039 0.086561
3837.320068 0.098291
3839.090088 0.127247
3840.860107 0.178828
3842.629883 0.203749
3844.409912 0.281220
3846.179932 0.321641
3847.949951 0.306359
3849.719971 0.314863
3851.500000 0.330670
3853.270020 0.362604
3855.040039 0.345253
3856.810059 0.371941
3858.590088 0.381650
3860.360107 0.378347
3862.129883 0.390078
3863.909912 0.410153
3865.679932 0.415984
3867.449951 0.388253
3869.219971 0.403306
3871.000000 0.399604
3872.770020 0.390554
3874.540039 0.375735
3876.310059 0.368684
3878.090088 0.353624
3879.860107 0.318774
3881.629883 0.290799
3883.409912 0.258064
3885.179932 0.221858
3886.949951 0.149978
3888.719971 0.129367
3890.500000 0.138926
3892.270020 0.169181
3894.040039 0.225053
3895.810059 0.275641
3897.590088 0.320011
3899.360107 0.347790
3901.129883 0.405705
3902.909912 0.429525
3904.679932 0.446166
3906.449951 0.453265
3908.219971 0.481105
3910.000000 0.488885
3911.770020 0.511673
3913.540039 0.510481
3915.310059 0.506365
3917.090088 0.507305
3918.860107 0.538595
3920.629883 0.548765
3922.409912 0.534471
3924.179932 0.534740
3925.949951 0.533167
3927.719971 0.536889
3929.500000 0.553166
3931.270020 0.511129
3933.040039 0.468700
3934.810059 0.459229
3936.590088 0.527850
3938.360107 0.549065
3940.129883 0.562119
3941.909912 0.585565
3943.679932 0.580705
3945.449951 0.570752
3947.219971 0.557367
3949.000000 0.545655
3950.770020 0.560239
3952.540039 0.563337
3954.310059 0.514224
3956.090088 0.526643
3957.860107 0.498655
3959.629883 0.475667
3961.399902 0.440507
3963.179932 0.376452
3964.949951 0.330260
3966.719971 0.260558
3968.489990 0.188599
3970.270020 0.170279
3972.040039 0.215874
3973.810059 0.263074
3975.580078 0.305039
3977.360107 0.393048
3979.129883 0.455146
3980.899902 0.499566
3982.669922 0.526540
3984.449951 0.576742
3986.219971 0.572874
3987.989990 0.628428
3989.760010 0.636938
3991.540039 0.645196
3993.310059 0.661000
3995.080078 0.662364
3996.850098 0.682091
3998.629883 0.678672
4000.399902 0.649688
4002.169922 0.662536
4003.939941 0.671074
4005.709961 0.689427
4007.489990 0.729306
4009.260010 0.695773
4011.030029 0.696105
4012.800049 0.703437
4014.570068 0.701646
4016.350098 0.707051
4018.120117 0.729556
4019.889893 0.726233
4021.659912 0.717871
4023.429932 0.719248
4025.209961 0.699946
4026.979980 0.720064
4028.750000 0.718801
4030.520020 0.700028
4032.290039 0.734045
4034.070068 0.747819
4035.840088 0.726564
4037.610107 0.738203
4039.379883 0.733473
4041.149902 0.761228
4042.919922 0.762246
4044.699951 0.789621
4046.469971 0.756986
4048.239990 0.787489
4050.010010 0.798149
4051.780029 0.780966
4053.550049 0.800948
4055.330078 0.786684
4057.100098 0.790441
4058.870117 0.784415
4060.639893 0.789542
4062.409912 0.744505
4064.179932 0.758802
4065.949951 0.774919
4067.729980 0.791159
4069.500000 0.778252
4071.270020 0.809700
4073.040039 0.789191
4074.810059 0.761303
4076.580078 0.754066
4078.350098 0.765587
4080.120117 0.769617
4081.899902 0.747681
4083.669922 0.739945
4085.439941 0.731400
4087.209961 0.680738
4088.979980 0.705281
4090.750000 0.620816
4092.520020 0.594380
4094.290039 0.552643
4096.060059 0.445566
4097.830078 0.368536
4099.600098 0.314269
4101.379883 0.265742
4103.149902 0.261250
4104.919922 0.327773
4106.689941 0.412790
4108.459961 0.488538
4110.229980 0.567796
4112.000000 0.624993
4113.770020 0.675540
4115.540039 0.732804
4117.310059 0.712489
4119.080078 0.775517
4120.850098 0.784375
4122.620117 0.830637
4124.390137 0.832113
4126.160156 0.811501
4127.930176 0.850260
4129.700195 0.842966
4131.470215 0.868062
4133.240234 0.849524
4135.009766 0.856254
4136.779785 0.889836
4138.549805 0.898117
4140.319824 0.890696
4142.089844 0.895194
4143.859863 0.885490
4145.629883 0.881299
4147.399902 0.924416
4149.169922 0.923079
4150.939941 0.922006
4152.709961 0.927260
4154.479980 0.920251
4156.250000 0.920667
4158.020020 0.931806
4159.790039 0.944438
4161.560059 0.954779
4163.319824 0.932589
4165.089844 0.934594
4166.859863 0.928120
4168.629883 0.930280
4170.399902 0.934081
4172.169922 0.912502
4173.939941 0.933964
4175.709961 0.920335
4177.479980 0.901689
4179.250000 0.939401
4181.009766 0.930334
4182.779785 0.951016
4184.549805 0.936601
4186.319824 0.955602
4188.089844 0.927507
4189.859863 0.958758
4191.629883 0.945802
4193.390137 0.991024
4195.160156 0.951544
4196.930176 0.954827
4198.700195 0.974237
4200.470215 0.966456
4202.240234 0.985905
4204.000000 0.980215
4205.770020 0.961543
4207.540039 0.965988
4209.310059 0.993562
4211.080078 0.996390
4212.839844 0.997187
4214.609863 0.976235
4216.379883 1.005072
4218.149902 0.990999
4219.910156 0.973370
4221.680176 1.004269
4223.450195 0.979857
4225.220215 1.000148
4226.979980 0.983130
4228.750000 0.988097
4230.520020 0.995974
4232.290039 1.025599
4234.049805 0.984772
4235.819824 1.002838
4237.589844 0.988412
4239.350098 1.000383
4241.120117 1.018777
4242.890137 0.995854
4244.649902 0.983179
4246.419922 0.987820
4248.189941 1.042958
4249.950195 1.000653
4251.720215 1.005771
4253.490234 1.010591
4255.250000 1.012689
4257.020020 1.053715
4258.790039 1.013862
4260.549805 0.986604
4262.319824 0.991522
4264.080078 1.027567
4265.850098 1.034768
4267.620117 1.011676
4269.379883 1.024992
4271.149902 1.006788
4272.910156 1.027274
4274.680176 1.022960
4276.450195 1.026384
4278.209961 1.020230
4279.979980 1.017893
4281.740234 1.037303
4283.509766 1.026873
4285.270020 1.000112
4287.040039 1.012676
4288.799805 1.022090
4290.569824 1.014109
4292.330078 1.021576
4294.100098 0.994385
4295.859863 1.000691
4297.629883 1.007073
4299.390137 0.993828
4301.160156 0.986921
4302.919922 0.984972
4304.689941 1.006216
4306.450195 1.007303
4308.209961 1.023695
4309.979980 1.007712
4311.740234 0.996683
4313.509766 1.022345
4315.270020 0.995251
4317.040039 0.961337
4318.799805 0.998063
4320.560059 0.955066
4322.330078 0.929039
4324.089844 0.911308
4325.850098 0.887174
4327.620117 0.855913
4329.379883 0.827264
4331.140137 0.742700
4332.910156 0.676213
4334.669922 0.623561
4336.430176 0.529034
4338.200195 0.407487
4339.959961 0.373238
4341.720215 0.376072
4343.490234 0.425714
4345.250000 0.556282
4347.009766 0.636264
4348.770020 0.707115
4350.540039 0.777593
4352.299805 0.786352
4354.060059 0.850800
4355.819824 0.907664
4357.589844 0.962531
4359.350098 0.970350
4361.109863 0.978330
4362.870117 0.977370
4364.629883 0.998859
4366.399902 1.034637
4368.160156 1.013433
4369.919922 1.064103
4371.680176 1.052554
4373.439941 1.060681
4375.200195 1.040800
4376.959961 1.071147
4378.729980 1.081680
4380.490234 1.073117
4382.250000 1.046829
4384.009766 1.055580
4385.770020 1.032378
4387.529785 1.062029
4389.290039 1.069823
4391.049805 1.037368
4392.810059 1.086980
4394.569824 1.044026
4396.330078 1.044434
4398.089844 1.079895
4399.850098 1.105274
4401.609863 1.107088
4403.370117 1.096637
4405.129883 1.084276
4406.890137 1.066440
4408.649902 1.077816
4410.410156 1.109503
4412.169922 1.063714
4413.930176 1.044298
4415.689941 1.068844
4417.450195 1.070723
4419.209961 1.067747
4420.970215 1.050492
4422.729980 1.055726
4424.490234 1.037661
4426.240234 1.035206
4428.000000 1.024879
4429.759766 1.047433
4431.520020 1.037601
4433.279785 1.040491
4435.040039 1.037253
4436.799805 1.051365
4438.549805 1.091094
4440.310059 1.088639
4442.069824 1.090738
4443.830078 1.090824
4445.589844 1.084595
4447.339844 1.100900
4449.100098 1.112013
4450.859863 1.125376
4452.620117 1.100438
4454.370117 1.095476
4456.129883 1.137347
4457.890137 1.120163
4459.640137 1.096602
4461.399902 1.099950
4463.160156 1.141027
4464.910156 1.093890
4466.669922 1.117165
4468.430176 1.106881
4470.180176 1.114670
4471.939941 1.103147
4473.700195 1.124572
4475.450195 1.146778
4477.209961 1.110323
4478.959961 1.091076
4480.720215 1.109719
4482.479980 1.102479
4484.229980 1.145638
4485.990234 1.124107
4487.740234 1.124656
4489.500000 1.142006
4491.250000 1.157874
4493.009766 1.131694
4494.759766 1.167808
4496.520020 1.158527
4498.270020 1.144156
4500.029785 1.123675
4501.779785 1.141231
4503.540039 1.142423
4505.290039 1.192843
4507.049805 1.162373
4508.799805 1.167284
4510.549805 1.165877
4512.310059 1.219974
4514.060059 1.180704
4515.819824 1.192366
4517.569824 1.159616
4519.319824 1.179732
4521.080078 1.171677
4522.830078 1.163858
4524.580078 1.176709
4526.339844 1.186751
4528.089844 1.195157
4529.839844 1.205258
4531.600098 1.175976
4533.350098 1.189187
4535.100098 1.176794
4536.850098 1.202592
4538.609863 1.223148
4540.359863 1.210432
4542.109863 1.207777
4543.859863 1.215320
4545.620117 1.218941
4547.370117 1.221725
4549.120117 1.185908
4550.870117 1.186291
4552.620117 1.195321
4554.379883 1.229212
4556.129883 1.210420
4557.879883 1.160963
4559.629883 1.195077
4561.379883 1.224598
4563.129883 1.220259
4564.879883 1.219516
4566.629883 1.248274
4568.379883 1.246743
4570.140137 1.209908
4571.890137 1.215935
4573.640137 1.235609
4575.390137 1.241122
4577.140137 1.236472
4578.890137 1.232857
4580.640137 1.226666
4582.390137 1.186754
4584.140137 1.208580
4585.890137 1.222797
4587.640137 1.221593
4589.390137 1.225399
4591.140137 1.233725
4592.890137 1.260016
4594.629883 1.241812
4596.379883 1.248986
4598.129883 1.273764
4599.879883 1.264696
4601.629883 1.251585
4603.379883 1.249865
4605.129883 1.280005
4606.879883 1.253375
4608.620117 1.267905
4610.370117 1.278067
4612.120117 1.285895
4613.870117 1.267366
4615.620117 1.248669
4617.370117 1.240319
4619.109863 1.249927
4620.859863 1.285427
4622.609863 1.274192
4624.359863 1.295356
4626.100098 1.267746
4627.850098 1.255558
4629.600098 1.257748
4631.339844 1.270102
4633.089844 1.252491
4634.839844 1.251902
4636.589844 1.297303
4638.330078 1.293726
4640.080078 1.315514
4641.819824 1.294935
4643.569824 1.294073
4645.319824 1.334370
4647.060059 1.290970
4648.810059 1.283979
4650.549805 1.288112
4652.299805 1.296798
4654.049805 1.297055
4655.790039 1.303078
4657.540039 1.314392
4659.279785 1.313116
4661.029785 1.307139
4662.770020 1.286801
4664.520020 1.289869
4666.259766 1.292825
4668.009766 1.314459
4669.750000 1.294590
4671.500000 1.315944
4673.240234 1.300944
4674.990234 1.339295
4676.729980 1.323533
4678.470215 1.291908
4680.220215 1.322481
4681.959961 1.333598
4683.709961 1.335968
4685.450195 1.306730
4687.189941 1.322915
4688.939941 1.309451
4690.680176 1.340061
4692.419922 1.365737
4694.169922 1.315771
4695.910156 1.320476
4697.649902 1.319942
4699.390137 1.346553
4701.140137 1.352028
4702.879883 1.340589
4704.620117 1.337842
4706.359863 1.338518
4708.109863 1.319630
4709.850098 1.347132
4711.589844 1.331365
4713.330078 1.315341
4715.069824 1.370489
4716.819824 1.335393
4718.560059 1.306734
4720.299805 1.342206
4722.040039 1.356964
4723.779785 1.347209
4725.520020 1.344438
4727.259766 1.315402
4729.000000 1.306728
4730.750000 1.353902
4732.490234 1.314803
4734.229980 1.346452
4735.970215 1.371973
4737.709961 1.338160
4739.450195 1.335928
4741.189941 1.377506
4742.930176 1.338161
4744.669922 1.360682
4746.410156 1.332059
4748.149902 1.302704
4749.890137 1.326834
4751.629883 1.343212
4753.359863 1.347166
4755.100098 1.306230
4756.839844 1.332942
4758.580078 1.331524
4760.319824 1.371330
4762.060059 1.300885
4763.799805 1.374968
4765.540039 1.370704
4767.270020 1.332917
4769.009766 1.362238
4770.750000 1.347327
4772.490234 1.344336
4774.229980 1.322855
4775.959961 1.362609
4777.700195 1.370968
4779.439941 1.386204
4781.180176 1.357604
4782.910156 1.340885
4784.649902 1.340819
4786.390137 1.385149
4788.129883 1.353943
4789.859863 1.359571
4791.600098 1.379589
4793.339844 1.378755
4795.069824 1.374240
4796.810059 1.372601
4798.540039 1.359789
4800.279785 1.397715
4802.020020 1.348216
4803.750000 1.377434
4805.490234 1.405072
4807.220215 1.376764
4808.959961 1.375655
4810.689941 1.396376
4812.430176 1.347984
4814.169922 1.355097
4815.899902 1.381606
4817.640137 1.356980
4819.370117 1.388735
4821.100098 1.353511
4822.839844 1.332160
4824.569824 1.337918
4826.310059 1.359771
4828.040039 1.356800
4829.779785 1.363559
4831.509766 1.341098
4833.240234 1.344673
4834.979980 1.344709
4836.709961 1.297149
4838.450195 1.312857
4840.180176 1.261342
4841.910156 1.271637
4843.640137 1.225602
4845.379883 1.201885
4847.109863 1.154341
4848.839844 1.134024
4850.580078 1.056611
4852.310059 0.987897
4854.040039 0.913584
4855.770020 0.787619
4857.509766 0.705996
4859.240234 0.632108
4860.970215 0.579273
4862.700195 0.551503
4864.430176 0.644992
4866.160156 0.747084
4867.899902 0.840460
4869.629883 0.928563
4871.359863 0.990882
4873.089844 1.059729
4874.819824 1.133704
4876.549805 1.185384
4878.279785 1.217815
4880.009766 1.253187
4881.740234 1.261453
4883.470215 1.288764
4885.200195 1.269074
4886.930176 1.316815
4888.660156 1.328831
4890.390137 1.344051
4892.120117 1.339961
4893.850098 1.351573
4895.580078 1.355757
4897.310059 1.341189
4899.040039 1.374802
4900.770020 1.364289
4902.500000 1.374813
4904.229980 1.422329
4905.959961 1.424360
4907.680176 1.410681
4909.410156 1.421490
4911.140137 1.435995
4912.870117 1.428089
4914.600098 1.422212
4916.330078 1.441994
4918.049805 1.392558
4919.779785 1.428097
4921.509766 1.426581
4923.240234 1.424067
4924.959961 1.420353
4926.689941 1.423341
4928.419922 1.470829
4930.140137 1.453651
4931.870117 1.452287
4933.600098 1.448653
4935.319824 1.445075
4937.049805 1.465466
4938.779785 1.428351
4940.500000 1.454403
4942.229980 1.495688
4943.959961 1.444220
4945.680176 1.460375
4947.410156 1.480443
4949.129883 1.462777
4950.859863 1.477396
4952.580078 1.461366
4954.310059 1.468742
4956.029785 1.470388
4957.759766 1.446060
4959.479980 1.486333
4961.209961 1.469720
4962.930176 1.461580
4964.660156 1.511093
4966.379883 1.475396
4968.100098 1.478544
4969.830078 1.471115
4971.549805 1.491357
4973.279785 1.462455
4975.000000 1.480284
4976.720215 1.471849
4978.450195 1.500508
4980.169922 1.488514
4981.890137 1.489765
4983.620117 1.479730
4985.339844 1.461634
4987.060059 1.463465
4988.779785 1.487005
4990.509766 1.493843
4992.229980 1.478339
4993.950195 1.486123
4995.669922 1.486611
4997.390137 1.498749
4999.120117 1.478207
5000.839844 1.449942
5002.560059 1.450907
5004.279785 1.476853
5006.000000 1.463549
5007.720215 1.503678
5009.439941 1.508204
5011.169922 1.473308
5012.890137 1.492781
5014.609863 1.479905
5016.330078 1.503949
5018.049805 1.465304
5019.770020 1.486023
5021.490234 1.473491
5023.209961 1.459939
5024.930176 1.511772
5026.649902 1.462568
5028.370117 1.479435
5030.089844 1.505991
5031.799805 1.491071
5033.520020 1.470497
5035.240234 1.449011
5036.959961 1.454563
5038.680176 1.462623
5040.399902 1.453148
5042.120117 1.472732
5043.839844 1.469509
5045.549805 1.483147
5047.270020 1.519059
5048.990234 1.493581
5050.709961 1.500035
5052.430176 1.484233
5054.140137 1.474532
5055.859863 1.434267
5057.580078 1.432000
5059.290039 1.466074
5061.009766 1.480892
5062.729980 1.492698
5064.450195 1.512900
5066.160156 1.499948
5067.879883 1.502977
5069.589844 1.504190
5071.310059 1.484864
5073.029785 1.466496
5074.740234 1.479359
5076.459961 1.501266
5078.169922 1.493688
5079.890137 1.471303
5081.600098 1.488741
5083.319824 1.469920
5085.029785 1.503472
5086.750000 1.491585
5088.459961 1.516122
5090.180176 1.497815
5091.890137 1.482694
5093.609863 1.483325
5095.319824 1.519977
5097.040039 1.486970
5098.750000 1.481411
5100.459961 1.474664
5102.180176 1.501408
5103.890137 1.501839
5105.600098 1.481440
5107.319824 1.494956
5109.029785 1.464123
5110.740234 1.439073
5112.459961 1.472673
5114.169922 1.473192
5115.879883 1.523058
5117.589844 1.496049
5119.310059 1.527359
5121.020020 1.503581
5122.729980 1.479165
5124.439941 1.476091
5126.149902 1.506247
5127.859863 1.516886
5129.580078 1.491271
5131.290039 1.476249
5133.000000 1.503701
5134.709961 1.472938
5136.419922 1.481985
5138.129883 1.468885
5139.839844 1.460855
5141.549805 1.463381
5143.259766 1.477213
5144.970215 1.505376
5146.680176 1.484964
5148.390137 1.462510
5150.100098 1.498748
5151.810059 1.483247
5153.520020 1.451213
5155.229980 1.493364
5156.939941 1.485146
5158.649902 1.480573
5160.359863 1.476999
5162.069824 1.467029
5163.770020 1.481315
5165.479980 1.443547
5167.189941 1.448803
5168.899902 1.428329
5170.609863 1.408809
5172.310059 1.437964
5174.020020 1.453403
5175.729980 1.484007
5177.439941 1.480094
5179.140137 1.475228
5180.850098 1.427289
5182.560059 1.443948
5184.259766 1.457259
5185.970215 1.447092
5187.680176 1.442818
5189.379883 1.475974
5191.089844 1.468181
5192.799805 1.453338
5194.500000 1.478858
5196.209961 1.441778
5197.910156 1.452619
5199.620117 1.469272
5201.319824 1.451627
5203.029785 1.490316
5204.729980 1.492053
5206.439941 1.463119
5208.140137 1.451807
5209.850098 1.465524
5211.549805 1.443961
5213.259766 1.458816
5214.959961 1.450740
5216.660156 1.437418
5218.370117 1.445218
5220.069824 1.458548
5221.770020 1.445278
5223.479980 1.432967
5225.180176 1.436265
5226.879883 1.409557
5228.589844 1.427756
5230.290039 1.440757
5231.990234 1.451861
5233.689941 1.399055
5235.399902 1.383268
5237.100098 1.394534
5238.799805 1.417872
5240.500000 1.424965
5242.200195 1.447105
5243.910156 1.413806
5245.609863 1.427774
5247.310059 1.419592
5249.009766 1.453879
5250.709961 1.389268
5252.410156 1.435903
5254.109863 1.391067
5255.810059 1.390219
5257.509766 1.387978
5259.209961 1.393613
5260.910156 1.363192
5262.609863 1.378900
5264.310059 1.388363
5266.009766 1.362464
5267.709961 1.408894
5269.410156 1.398350
5271.109863 1.392909
5272.810059 1.356949
5274.509766 1.370464
5276.200195 1.371863
5277.899902 1.326111
5279.600098 1.378016
5281.299805 1.358184
5283.000000 1.395355
5284.689941 1.336617
5286.390137 1.331710
5288.089844 1.346502
5289.790039 1.378318
5291.479980 1.327659
5293.180176 1.318346
5294.879883 1.362260
5296.569824 1.330276
5298.270020 1.339402
5299.970215 1.351699
5301.660156 1.357016
5303.359863 1.348583
5305.060059 1.308554
5306.750000 1.351296
5308.450195 1.341733
5310.140137 1.304906
5311.839844 1.302280
5313.529785 1.304497
5315.229980 1.290542
5316.919922 1.293669
5318.620117 1.295243
5320.310059 1.329021
5322.009766 1.313297
5323.700195 1.321771
5325.390137 1.268670
5327.089844 1.307323
5328.779785 1.295397
5330.470215 1.300063
5332.169922 1.308653
5333.859863 1.300044
5335.549805 1.289635
5337.250000 1.299019
5338.939941 1.274548
5340.629883 1.274907
5342.319824 1.275979
5344.020020 1.293823
5345.709961 1.304491
5347.399902 1.238119
5349.089844 1.267334
5350.779785 1.283576
5352.470215 1.264079
5354.169922 1.239696
5355.859863 1.264919
5357.549805 1.267136
5359.240234 1.263521
5360.930176 1.228861
5362.620117 1.222191
5364.310059 1.204602
5366.000000 1.205855
5367.689941 1.204257
5369.379883 1.244387
5371.069824 1.237838
5372.759766 1.208171
5374.450195 1.206743
5376.140137 1.271814
5377.830078 1.188891
5379.509766 1.215962
5381.200195 1.189202
5382.890137 1.199175
5384.580078 1.185166
5386.270020 1.210739
5387.959961 1.190634
5389.640137 1.190926
5391.330078 1.199341
5393.020020 1.176852
5394.709961 1.168447
5396.390137 1.176914
5398.080078 1.161128
5399.770020 1.172790
5401.450195 1.145296
5403.140137 1.121622
5404.830078 1.118731
5406.509766 1.150299
5408.200195 1.133628
5409.879883 1.168694
5411.569824 1.125646
5413.250000 1.157903
5414.939941 1.112796
5416.620117 1.109730
5418.310059 1.103521
5419.990234 1.109895
5421.680176 1.098224
5423.359863 1.102261
5425.049805 1.083285
5426.729980 1.101387
5428.419922 1.099248
5430.100098 1.102521
5431.779785 1.064692
5433.470215 1.092465
5435.149902 1.066373
5436.830078 1.087642
5438.520020 1.067108
5440.200195 1.070834
5441.879883 1.083643
5443.560059 1.044788
5445.240234 1.062285
5446.930176 1.046105
5448.609863 1.031540
5450.290039 1.021301
5451.970215 1.077768
5453.649902 1.034080
5455.330078 1.053286
5457.020020 1.030321
5458.700195 1.036653
5460.379883 1.042751
5462.060059 1.037310
5463.740234 1.020592
5465.419922 1.008592
5467.100098 1.006653
5468.779785 1.024479
5470.459961 1.013888
5472.140137 1.019318
5473.819824 1.016368
5475.490234 0.984027
5477.169922 0.994490
5478.850098 0.986747
5480.529785 1.001709
5482.209961 0.989434
5483.890137 0.965488
5485.569824 0.970300
5487.240234 0.965878
5488.919922 0.951883
5490.600098 0.954182
5492.279785 0.953319
5493.950195 0.954242
5495.629883 0.927743
5497.310059 0.967126
5498.979980 0.951297
5500.660156 0.952647
5502.339844 0.899590
5504.009766 0.954722
5505.689941 0.926105
5507.359863 0.923120
5509.040039 0.884739
5510.709961 0.914405
5512.390137 0.918458
5514.060059 0.941688
5515.740234 0.945191
5517.410156 0.893346
5519.089844 0.921638
5520.759766 0.948617
5522.439941 0.889435
5524.109863 0.906953
5525.779785 0.903361
5527.459961 0.893686
5529.129883 0.862208
5530.799805 0.872922
5532.479980 0.900553
5534.149902 0.885877
5535.819824 0.869290
5537.500000 0.864125
5539.169922 0.864070
5540.839844 0.861479
5542.509766 0.835235
5544.180176 0.878533
5545.859863 0.885776
5547.529785 0.877090
5549.200195 0.871076
5550.870117 0.832288
5552.540039 0.845990
5554.209961 0.852243
5555.879883 0.854277
5557.549805 0.812597
5559.220215 0.881226
5560.890137 0.821818
5562.560059 0.812001
5564.229980 0.839439
5565.899902 0.814425
5567.569824 0.813219
5569.240234 0.837758
5570.910156 0.822493
5572.580078 0.813179
5574.250000 0.794730
5575.910156 0.822441
5577.580078 0.827151
5579.250000 0.774904
5580.919922 0.823205
5582.580078 0.739704
5584.250000 0.806127
5585.919922 0.784740
5587.589844 0.768072
5589.250000 0.769039
