  500.0  8.283021e-04
 1000.0  5.552470e+03
 1500.0  4.377037e+05
 2000.0  2.541497e+06
 2500.0  5.673572e+06
 3000.0  8.201708e+06
 3500.0  9.484018e+06
 4000.0  9.691150e+06
 4500.0  9.217139e+06
 5000.0  8.399652e+06
 5500.0  7.460910e+06
 6000.0  6.527190e+06
 6500.0  5.661354e+06
 7000.0  4.888876e+06
 7500.0  4.214904e+06
 8000.0  3.634474e+06
 8500.0  3.138242e+06
 9000.0  2.715554e+06
 9500.0  2.355984e+06
10000.0  2.050030e+06
10500.0  1.789357e+06
11000.0  1.566817e+06
11500.0  1.376360e+06
12000.0  1.212910e+06
