0.0   1.000000   0.000000
0.0   0.999983   -0.003333
0.0   0.999933   -0.006666
0.030   0.999850   -0.009997
0.040   0.999733   -0.013327
0.050   0.999583   -0.016654
0.060   0.999400   -0.019978
0.070   0.999184   -0.023299
0.080   0.998934   -0.026616
0.090   0.998652   -0.029927
0.100   0.998336   -0.033234
0.110   0.997987   -0.036534
0.120   0.997605   -0.039828
0.130   0.997190   -0.043114
0.140   0.996743   -0.046393
0.150   0.996263   -0.049664
0.160   0.995750   -0.052926
0.170   0.995204   -0.056179
0.180   0.994626   -0.059421
0.190   0.994016   -0.062653
0.200   0.993373   -0.065874
0.210   0.992698   -0.069083
0.220   0.991991   -0.072280
0.230   0.991253   -0.075464
0.240   0.990482   -0.078635
0.250   0.989680   -0.081793
0.260   0.988846   -0.084936
0.270   0.987981   -0.088064
0.280   0.987085   -0.091176
0.290   0.986158   -0.094273
0.300   0.985200   -0.097354
0.310   0.984211   -0.100418
0.320   0.983191   -0.103464
0.330   0.982142   -0.106493
0.340   0.981062   -0.109503
0.350   0.979952   -0.112495
0.360   0.978812   -0.115468
0.370   0.977642   -0.118421
0.380   0.976444   -0.121354
0.390   0.975215   -0.124266
0.400   0.973958   -0.127158
0.410   0.972672   -0.130028
0.420   0.971358   -0.132877
0.430   0.970015   -0.135703
0.440   0.968644   -0.138507
0.450   0.967245   -0.141289
0.460   0.965818   -0.144047
0.470   0.964364   -0.146781
0.480   0.962883   -0.149492
0.490   0.961374   -0.152178
0.500   0.959839   -0.154840
0.510   0.958277   -0.157476
0.520   0.956690   -0.160088
0.530   0.955076   -0.162674
0.540   0.953436   -0.165234
0.550   0.951771   -0.167769
0.560   0.950081   -0.170277
0.570   0.948366   -0.172758
0.580   0.946626   -0.175212
0.590   0.944862   -0.177640
0.600   0.943073   -0.180040
0.610   0.941261   -0.182412
0.620   0.939425   -0.184757
0.630   0.937566   -0.187073
0.640   0.935684   -0.189362
0.650   0.933779   -0.191622
0.660   0.931851   -0.193854
0.670   0.929902   -0.196057
0.680   0.927930   -0.198231
0.690   0.925937   -0.200376
0.700   0.923923   -0.202492
0.710   0.921887   -0.204579
0.720   0.919831   -0.206636
0.730   0.917755   -0.208664
0.740   0.915658   -0.210663
0.750   0.913542   -0.212631
0.760   0.911406   -0.214570
0.770   0.909250   -0.216480
0.780   0.907076   -0.218359
0.790   0.904883   -0.220208
0.800   0.902672   -0.222028
0.810   0.900443   -0.223817
0.820   0.898196   -0.225576
0.830   0.895931   -0.227306
0.840   0.893650   -0.229005
0.850   0.891351   -0.230674
0.860   0.889036   -0.232314
0.870   0.886705   -0.233923
0.880   0.884358   -0.235502
0.890   0.881995   -0.237051
0.900   0.879617   -0.238570
0.910   0.877224   -0.240060
0.920   0.874816   -0.241519
0.930   0.872394   -0.242949
0.940   0.869957   -0.244349
0.950   0.867507   -0.245719
0.960   0.865043   -0.247060
0.970   0.862566   -0.248371
0.980   0.860076   -0.249653
0.990   0.857573   -0.250906
1.000   0.855058   -0.252129
1.010   0.852530   -0.253324
1.020   0.849991   -0.254489
1.030   0.847441   -0.255626
1.040   0.844879   -0.256734
1.050   0.842306   -0.257813
1.060   0.839723   -0.258865
1.070   0.837129   -0.259887
1.080   0.834525   -0.260882
1.090   0.831911   -0.261849
1.100   0.829288   -0.262788
1.110   0.826656   -0.263699
1.120   0.824014   -0.264583
1.130   0.821364   -0.265440
1.140   0.818705   -0.266270
1.150   0.816039   -0.267073
1.160   0.813364   -0.267849
1.170   0.810682   -0.268598
1.180   0.807992   -0.269322
1.190   0.805295   -0.270019
1.200   0.802592   -0.270690
1.210   0.799882   -0.271336
1.220   0.797165   -0.271956
1.230   0.794443   -0.272551
1.240   0.791714   -0.273121
1.250   0.788980   -0.273666
1.260   0.786241   -0.274186
1.270   0.783497   -0.274682
1.280   0.780748   -0.275154
1.290   0.777994   -0.275602
1.300   0.775236   -0.276026
1.310   0.772473   -0.276427
1.320   0.769707   -0.276805
1.330   0.766937   -0.277159
1.340   0.764164   -0.277491
1.350   0.761388   -0.277801
1.360   0.758608   -0.278088
1.370   0.755826   -0.278353
1.380   0.753041   -0.278597
1.390   0.750254   -0.278819
1.400   0.747465   -0.279019
1.410   0.744674   -0.279199
1.420   0.741881   -0.279358
1.430   0.739087   -0.279496
1.440   0.736291   -0.279614
1.450   0.733494   -0.279712
1.460   0.730697   -0.279791
1.470   0.727899   -0.279850
1.480   0.725100   -0.279889
1.490   0.722301   -0.279910
1.500   0.719502   -0.279912
1.510   0.716703   -0.279895
1.520   0.713904   -0.279860
1.530   0.711106   -0.279807
1.540   0.708308   -0.279737
1.550   0.705511   -0.279649
1.560   0.702715   -0.279543
1.570   0.699920   -0.279421
1.580   0.697127   -0.279282
1.590   0.694335   -0.279127
1.600   0.691544   -0.278955
1.610   0.688755   -0.278767
1.620   0.685969   -0.278564
1.630   0.683184   -0.278345
1.640   0.680402   -0.278111
1.650   0.677622   -0.277862
1.660   0.674845   -0.277598
1.670   0.672070   -0.277319
1.680   0.669298   -0.277027
1.690   0.666530   -0.276720
1.700   0.663764   -0.276399
1.710   0.661002   -0.276065
1.720   0.658243   -0.275718
1.730   0.655487   -0.275357
1.740   0.652736   -0.274984
1.750   0.649988   -0.274598
1.760   0.647244   -0.274200
1.770   0.644504   -0.273789
1.780   0.641768   -0.273367
1.790   0.639037   -0.272933
1.800   0.636309   -0.272487
1.810   0.633587   -0.272030
1.820   0.630869   -0.271562
1.830   0.628156   -0.271084
1.840   0.625447   -0.270594
1.850   0.622744   -0.270095
1.860   0.620045   -0.269585
1.870   0.617352   -0.269065
1.880   0.614664   -0.268535
1.890   0.611981   -0.267996
1.900   0.609304   -0.267447
1.910   0.606633   -0.266890
1.920   0.603966   -0.266323
1.930   0.601306   -0.265747
1.940   0.598652   -0.265163
1.950   0.596003   -0.264571
1.960   0.593360   -0.263971
1.970   0.590723   -0.263362
1.980   0.588093   -0.262746
1.990   0.585469   -0.262122
2.000   0.582850   -0.261491
2.010   0.580239   -0.260852
2.020   0.577633   -0.260207
2.030   0.575035   -0.259555
2.040   0.572442   -0.258896
2.050   0.569857   -0.258230
2.060   0.567278   -0.257558
2.070   0.564706   -0.256880
2.080   0.562140   -0.256196
2.090   0.559582   -0.255506
2.100   0.557030   -0.254810
2.110   0.554486   -0.254109
2.120   0.551948   -0.253403
2.130   0.549418   -0.252691
2.140   0.546894   -0.251974
2.150   0.544378   -0.251253
2.160   0.541869   -0.250526
2.170   0.539368   -0.249795
2.180   0.536873   -0.249060
2.190   0.534386   -0.248320
2.200   0.531907   -0.247577
2.210   0.529435   -0.246829
2.220   0.526970   -0.246077
2.230   0.524513   -0.245322
2.240   0.522064   -0.244563
2.250   0.519622   -0.243801
2.260   0.517188   -0.243035
2.270   0.514761   -0.242266
2.280   0.512343   -0.241494
2.290   0.509931   -0.240719
2.300   0.507528   -0.239941
2.310   0.505133   -0.239161
2.320   0.502745   -0.238378
2.330   0.500365   -0.237592
2.340   0.497993   -0.236804
2.350   0.495629   -0.236014
2.360   0.493273   -0.235222
2.370   0.490925   -0.234428
2.380   0.488584   -0.233632
2.390   0.486252   -0.232834
2.400   0.483928   -0.232035
2.410   0.481611   -0.231233
2.420   0.479303   -0.230431
2.430   0.477003   -0.229627
2.440   0.474710   -0.228822
2.450   0.472426   -0.228015
2.460   0.470150   -0.227208
2.470   0.467882   -0.226399
2.480   0.465622   -0.225590
2.490   0.463370   -0.224780
2.500   0.461127   -0.223969
2.510   0.458891   -0.223157
2.520   0.456663   -0.222345
2.530   0.454444   -0.221533
2.540   0.452233   -0.220720
2.550   0.450030   -0.219907
2.560   0.447835   -0.219093
2.570   0.445648   -0.218280
2.580   0.443469   -0.217466
2.590   0.441298   -0.216652
2.600   0.439136   -0.215839
2.610   0.436982   -0.215026
2.620   0.434835   -0.214212
2.630   0.432697   -0.213399
2.640   0.430567   -0.212587
2.650   0.428446   -0.211775
2.660   0.426332   -0.210963
2.670   0.424226   -0.210152
2.680   0.422129   -0.209342
2.690   0.420040   -0.208532
2.700   0.417958   -0.207723
2.710   0.415885   -0.206915
2.720   0.413820   -0.206108
2.730   0.411763   -0.205302
2.740   0.409714   -0.204496
2.750   0.407673   -0.203692
2.760   0.405640   -0.202888
2.770   0.403615   -0.202086
2.780   0.401598   -0.201285
2.790   0.399590   -0.200485
2.800   0.397589   -0.199687
2.810   0.395596   -0.198890
2.820   0.393611   -0.198094
2.830   0.391634   -0.197300
2.840   0.389665   -0.196507
2.850   0.387704   -0.195715
2.860   0.385751   -0.194925
2.870   0.383805   -0.194137
2.880   0.381868   -0.193350
2.890   0.379938   -0.192565
2.900   0.378016   -0.191782
2.910   0.376103   -0.191000
2.920   0.374196   -0.190221
2.930   0.372298   -0.189443
2.940   0.370408   -0.188666
2.950   0.368525   -0.187892
2.960   0.366650   -0.187120
2.970   0.364782   -0.186349
2.980   0.362923   -0.185581
2.990   0.361071   -0.184814
3.000   0.359226   -0.184050
3.010   0.357390   -0.183287
3.020   0.355561   -0.182527
3.030   0.353739   -0.181769
3.040   0.351925   -0.181013
3.050   0.350119   -0.180259
3.060   0.348320   -0.179507
3.070   0.346529   -0.178758
3.080   0.344745   -0.178010
3.090   0.342969   -0.177265
3.100   0.341200   -0.176522
3.110   0.339438   -0.175782
3.120   0.337684   -0.175044
3.130   0.335937   -0.174308
3.140   0.334198   -0.173574
3.150   0.332466   -0.172843
3.160   0.330741   -0.172115
3.170   0.329023   -0.171388
3.180   0.327313   -0.170664
3.190   0.325610   -0.169943
3.200   0.323914   -0.169224
3.210   0.322226   -0.168507
3.220   0.320544   -0.167793
3.230   0.318870   -0.167082
3.240   0.317203   -0.166373
3.250   0.315542   -0.165666
3.260   0.313889   -0.164962
3.270   0.312243   -0.164260
3.280   0.310604   -0.163561
3.290   0.308972   -0.162865
3.300   0.307347   -0.162171
3.310   0.305728   -0.161480
3.320   0.304117   -0.160791
3.330   0.302513   -0.160105
3.340   0.300915   -0.159422
3.350   0.299324   -0.158741
3.360   0.297740   -0.158063
3.370   0.296163   -0.157387
3.380   0.294592   -0.156714
3.390   0.293029   -0.156044
3.400   0.291472   -0.155376
3.410   0.289921   -0.154711
3.420   0.288377   -0.154049
3.430   0.286840   -0.153389
3.440   0.285309   -0.152732
3.450   0.283785   -0.152078
3.460   0.282268   -0.151426
3.470   0.280757   -0.150777
3.480   0.279252   -0.150131
3.490   0.277754   -0.149487
3.500   0.276263   -0.148846
3.510   0.274777   -0.148207
3.520   0.273298   -0.147572
3.530   0.271826   -0.146939
3.540   0.270360   -0.146308
3.550   0.268900   -0.145681
3.560   0.267446   -0.145056
3.570   0.265999   -0.144433
3.580   0.264557   -0.143814
3.590   0.263122   -0.143197
3.600   0.261693   -0.142583
3.610   0.260271   -0.141971
3.620   0.258854   -0.141362
3.630   0.257443   -0.140756
3.640   0.256039   -0.140152
3.650   0.254640   -0.139552
3.660   0.253248   -0.138953
3.670   0.251861   -0.138358
3.680   0.250481   -0.137765
3.690   0.249106   -0.137175
3.700   0.247737   -0.136587
3.710   0.246374   -0.136002
3.720   0.245017   -0.135420
3.730   0.243666   -0.134840
3.740   0.242320   -0.134263
3.750   0.240981   -0.133689
3.760   0.239647   -0.133117
3.770   0.238318   -0.132548
3.780   0.236996   -0.131981
3.790   0.235679   -0.131418
3.800   0.234367   -0.130856
3.810   0.233061   -0.130298
3.820   0.231761   -0.129741
3.830   0.230467   -0.129188
3.840   0.229177   -0.128637
3.850   0.227894   -0.128089
3.860   0.226616   -0.127543
3.870   0.225343   -0.127000
3.880   0.224076   -0.126459
3.890   0.222814   -0.125921
3.900   0.221557   -0.125386
3.910   0.220306   -0.124853
3.920   0.219060   -0.124322
3.930   0.217820   -0.123794
3.940   0.216584   -0.123269
3.950   0.215354   -0.122746
3.960   0.214129   -0.122226
3.970   0.212910   -0.121708
3.980   0.211695   -0.121192
3.990   0.210486   -0.120679
4.000   0.209282   -0.120169
4.010   0.208082   -0.119661
4.020   0.206888   -0.119156
4.030   0.205699   -0.118653
4.040   0.204515   -0.118152
4.050   0.203336   -0.117654
4.060   0.202162   -0.117158
4.070   0.200993   -0.116665
4.080   0.199829   -0.116174
4.090   0.198670   -0.115685
4.100   0.197515   -0.115199
4.110   0.196366   -0.114716
4.120   0.195221   -0.114234
4.130   0.194081   -0.113755
4.140   0.192946   -0.113279
4.150   0.191815   -0.112805
4.160   0.190690   -0.112333
4.170   0.189569   -0.111863
4.180   0.188452   -0.111396
4.190   0.187341   -0.110931
4.200   0.186234   -0.110468
4.210   0.185131   -0.110008
4.220   0.184034   -0.109550
4.230   0.182940   -0.109094
4.240   0.181852   -0.108641
4.250   0.180768   -0.108190
4.260   0.179688   -0.107741
4.270   0.178613   -0.107294
4.280   0.177542   -0.106850
4.290   0.176476   -0.106407
4.300   0.175414   -0.105967
4.310   0.174356   -0.105530
4.320   0.173303   -0.105094
4.330   0.172255   -0.104661
4.340   0.171210   -0.104229
4.350   0.170170   -0.103800
4.360   0.169134   -0.103373
4.370   0.168102   -0.102949
4.380   0.167075   -0.102526
4.390   0.166052   -0.102106
4.400   0.165033   -0.101687
4.410   0.164018   -0.101271
4.420   0.163008   -0.100857
4.430   0.162001   -0.100445
4.440   0.160999   -0.100035
4.450   0.160000   -0.099627
4.460   0.159006   -0.099222
4.470   0.158016   -0.098818
4.480   0.157030   -0.098416
4.490   0.156048   -0.098017
4.500   0.155069   -0.097619
4.510   0.154095   -0.097223
4.520   0.153125   -0.096830
4.530   0.152159   -0.096438
4.540   0.151196   -0.096049
4.550   0.150238   -0.095661
4.560   0.149283   -0.095276
4.570   0.148332   -0.094892
4.580   0.147385   -0.094510
4.590   0.146442   -0.094131
4.600   0.145502   -0.093753
4.610   0.144567   -0.093377
4.620   0.143635   -0.093003
4.630   0.142707   -0.092631
4.640   0.141782   -0.092261
4.650   0.140861   -0.091893
4.660   0.139944   -0.091526
4.670   0.139031   -0.091162
4.680   0.138121   -0.090799
4.690   0.137215   -0.090438
4.700   0.136312   -0.090080
4.710   0.135413   -0.089722
4.720   0.134518   -0.089367
4.730   0.133626   -0.089014
4.740   0.132738   -0.088662
4.750   0.131853   -0.088312
4.760   0.130971   -0.087964
4.770   0.130093   -0.087618
4.780   0.129219   -0.087274
4.790   0.128348   -0.086931
4.800   0.127480   -0.086590
4.810   0.126616   -0.086251
4.820   0.125755   -0.085913
4.830   0.124898   -0.085578
4.840   0.124044   -0.085244
4.850   0.123193   -0.084911
4.860   0.122346   -0.084581
4.870   0.121501   -0.084252
4.880   0.120661   -0.083924
4.890   0.119823   -0.083599
4.900   0.118989   -0.083275
4.910   0.118157   -0.082953
4.920   0.117329   -0.082632
4.930   0.116505   -0.082313
4.940   0.115683   -0.081996
4.950   0.114865   -0.081680
4.960   0.114050   -0.081366
4.970   0.113238   -0.081054
4.980   0.112429   -0.080743
4.990   0.111623   -0.080434
5.000   0.110820   -0.080126
5.010   0.110020   -0.079820
5.020   0.109223   -0.079515
5.030   0.108430   -0.079212
5.040   0.107639   -0.078911
5.050   0.106852   -0.078611
5.060   0.106067   -0.078313
5.070   0.105285   -0.078016
5.080   0.104507   -0.077721
5.090   0.103731   -0.077427
5.100   0.102958   -0.077134
5.110   0.102188   -0.076844
5.120   0.101421   -0.076554
5.130   0.100657   -0.076266
5.140   0.099896   -0.075980
5.150   0.099138   -0.075695
5.160   0.098382   -0.075411
5.170   0.097629   -0.075129
5.180   0.096879   -0.074849
5.190   0.096132   -0.074570
5.200   0.095388   -0.074292
5.210   0.094646   -0.074016
5.220   0.093908   -0.073741
5.230   0.093172   -0.073467
5.240   0.092438   -0.073195
5.250   0.091708   -0.072924
5.260   0.090980   -0.072655
5.270   0.090255   -0.072387
5.280   0.089532   -0.072120
5.290   0.088812   -0.071855
5.300   0.088095   -0.071591
5.310   0.087380   -0.071328
5.320   0.086668   -0.071067
5.330   0.085959   -0.070807
5.340   0.085252   -0.070548
5.350   0.084548   -0.070291
5.360   0.083846   -0.070035
5.370   0.083147   -0.069780
5.380   0.082451   -0.069526
5.390   0.081757   -0.069274
5.400   0.081065   -0.069023
5.410   0.080376   -0.068773
5.420   0.079690   -0.068525
5.430   0.079006   -0.068278
5.440   0.078324   -0.068032
5.450   0.077645   -0.067787
5.460   0.076969   -0.067544
5.470   0.076294   -0.067301
5.480   0.075623   -0.067060
5.490   0.074953   -0.066821
5.500   0.074286   -0.066582
5.510   0.073622   -0.066345
5.520   0.072959   -0.066108
5.530   0.072299   -0.065873
5.540   0.071642   -0.065639
5.550   0.070987   -0.065407
5.560   0.070334   -0.065175
5.570   0.069683   -0.064945
5.580   0.069035   -0.064716
5.590   0.068389   -0.064487
5.600   0.067745   -0.064261
5.610   0.067104   -0.064035
5.620   0.066464   -0.063810
5.630   0.065827   -0.063586
5.640   0.065193   -0.063364
5.650   0.064560   -0.063143
5.660   0.063930   -0.062922
5.670   0.063302   -0.062703
5.680   0.062676   -0.062485
5.690   0.062052   -0.062268
5.700   0.061430   -0.062052
5.710   0.060811   -0.061837
5.720   0.060194   -0.061623
5.730   0.059578   -0.061411
5.740   0.058965   -0.061199
5.750   0.058354   -0.060988
5.760   0.057746   -0.060779
5.770   0.057139   -0.060570
5.780   0.056534   -0.060362
5.790   0.055932   -0.060156
5.800   0.055331   -0.059950
5.810   0.054733   -0.059746
5.820   0.054136   -0.059542
5.830   0.053542   -0.059340
5.840   0.052949   -0.059138
5.850   0.052359   -0.058938
5.860   0.051771   -0.058738
5.870   0.051184   -0.058539
5.880   0.050600   -0.058342
5.890   0.050017   -0.058145
5.900   0.049437   -0.057949
5.910   0.048858   -0.057755
5.920   0.048282   -0.057561
5.930   0.047707   -0.057368
5.940   0.047134   -0.057176
5.950   0.046564   -0.056985
5.960   0.045995   -0.056795
5.970   0.045428   -0.056606
5.980   0.044863   -0.056418
5.990   0.044299   -0.056230
6.000   0.043738   -0.056044
6.010   0.043178   -0.055858
6.020   0.042621   -0.055674
6.030   0.042065   -0.055490
6.040   0.041511   -0.055307
6.050   0.040959   -0.055125
6.060   0.040409   -0.054944
6.070   0.039860   -0.054764
6.080   0.039313   -0.054584
6.090   0.038768   -0.054406
6.100   0.038225   -0.054228
6.110   0.037684   -0.054051
6.120   0.037144   -0.053875
6.130   0.036606   -0.053700
6.140   0.036070   -0.053526
6.150   0.035536   -0.053353
6.160   0.035003   -0.053180
6.170   0.034472   -0.053008
6.180   0.033943   -0.052837
6.190   0.033415   -0.052667
6.200   0.032890   -0.052497
6.210   0.032365   -0.052329
6.220   0.031843   -0.052161
6.230   0.031322   -0.051994
6.240   0.030803   -0.051828
6.250   0.030286   -0.051662
6.260   0.029770   -0.051498
6.270   0.029256   -0.051334
6.280   0.028743   -0.051171
6.290   0.028232   -0.051008
6.300   0.027723   -0.050847
6.310   0.027215   -0.050686
6.320   0.026709   -0.050526
6.330   0.026205   -0.050367
6.340   0.025702   -0.050208
6.350   0.025201   -0.050050
6.360   0.024701   -0.049893
6.370   0.024203   -0.049737
6.380   0.023706   -0.049581
6.390   0.023211   -0.049426
6.400   0.022718   -0.049272
6.410   0.022226   -0.049118
6.420   0.021735   -0.048966
6.430   0.021246   -0.048814
6.440   0.020759   -0.048662
6.450   0.020273   -0.048511
6.460   0.019789   -0.048361
6.470   0.019306   -0.048212
6.480   0.018825   -0.048064
6.490   0.018345   -0.047916
6.500   0.017866   -0.047768
6.510   0.017389   -0.047622
6.520   0.016914   -0.047476
6.530   0.016440   -0.047331
6.540   0.015967   -0.047186
6.550   0.015496   -0.047042
6.560   0.015026   -0.046899
6.570   0.014558   -0.046756
6.580   0.014091   -0.046614
6.590   0.013626   -0.046473
6.600   0.013162   -0.046332
6.610   0.012699   -0.046192
6.620   0.012238   -0.046053
6.630   0.011778   -0.045914
6.640   0.011320   -0.045776
6.650   0.010863   -0.045638
6.660   0.010407   -0.045501
6.670   0.009952   -0.045365
6.680   0.009500   -0.045229
6.690   0.009048   -0.045094
6.700   0.008598   -0.044960
6.710   0.008149   -0.044826
6.720   0.007701   -0.044692
6.730   0.007255   -0.044560
6.740   0.006810   -0.044428
6.750   0.006366   -0.044296
6.760   0.005924   -0.044165
6.770   0.005483   -0.044035
6.780   0.005043   -0.043905
6.790   0.004605   -0.043776
6.800   0.004168   -0.043647
6.810   0.003732   -0.043519
6.820   0.003297   -0.043391
6.830   0.002864   -0.043264
6.840   0.002432   -0.043138
6.850   0.002001   -0.043012
6.860   0.001572   -0.042887
6.870   0.001144   -0.042762
6.880   0.000717   -0.042638
6.890   0.000291   -0.042514
6.900   -0.000134   -0.042391
