2342 -0.72
3634 -0.82
3833 -0.87
6220 -0.92
7327 -0.99
8113 -0.94
10123 -0.92
11013 -0.90
11326 -1.07
11719 -1.13
13405 -1.15
13989 -1.25
17695 -1.63
19988 -1.57
22977 -1.55
26303 -1.58
27062 -1.55
31447 -1.43
33884 -1.39
39880 -1.39
44766 -1.57
47024 -1.58
48229 -1.38
49414 -1.33
51174 -1.56
57068 -1.28
57799 -1.38
63687 -1.51
65701 -1.55
66883 -1.52
72849 -1.23
75360 -1.21
78995 -1.32
80059 -1.28
82858 -1.20
84929 -1.11
85727 -1.15
86323 -1.22
87180 -1.35
88051 -1.32
89363 -1.40
91691 -1.26
92460 -1.22
95349 -1.19
99842 -1.24
100833 -1.20
101829 -1.14
103372 -1.22
105213 -1.14
106203 -1.20
108308 -1.13
108994 -1.07
110253 -1.02
111456 -0.97
112577 -0.88
113472 -0.93
114082 -0.81
114738 -0.82
116175 -0.92
117519 -0.87
118396 -0.81
119273 -0.83
120002 -0.89
120652 -0.78
121961 -0.83
122606 -0.79
123815 -0.86
123858 -0.88
124306 -0.88
124571 -0.76
124876 -0.78
125746 -0.81
126023 -0.87
126475 -0.92
126809 -0.91
127445 -0.80
128300 -0.81
128399 -0.70
128652 -0.70
129007 -0.73
129411 -0.90
129755 -0.91
130167 -0.95
131789 -1.11
133334 -1.26
134205 -1.39
135003 -1.43
135683 -1.49
135976 -1.46
136359 -1.45
136659 -1.51
137383 -1.52
137694 -1.53
138226 -1.56
139445 -1.54
141312 -1.50
142357 -1.56
145435 -1.50
150303 -1.55
154471 -1.57
155299 -1.60
160494 -1.43
162996 -1.55
165278 -1.62
169870 -1.49
172596 -1.49
175440 -1.56
176271 -1.56
178550 -1.40
180779 -1.36
181617 -1.32
183355 -1.48
185063 -1.44
187199 -1.38
189335 -1.19
191057 -1.19
192632 -1.31
195625 -1.29
199025 -1.09
202212 -1.02
203191 -1.12
204283 -1.05
205148 -1.08
205715 -1.19
206119 -1.22
207991 -1.13
209414 -1.10
210022 -1.07
210830 -1.05
211005 -1.01
212281 -0.96
214153 -1.02
215041 -1.10
215593 -1.11
215879 -1.09
216459 -1.05
217009 -1.01
217271 -1.02
217676 -1.07
218342 -1.11
219680 -1.36
220182 -1.33
220760 -1.41
221054 -1.39
221612 -1.42
222958 -1.44
223446 -1.33
224630 -1.14
225299 -1.17
225509 -1.18
225888 -1.25
226710 -1.18
227384 -1.17
227840 -1.10
230703 -1.07
231382 -1.01
231990 -1.10
232570 -1.05
233102 -1.09
233646 -1.12
234126 -1.07
234470 -1.06
234781 -1.05
235213 -1.00
236236 -0.94
237831 -0.77
238935 -0.90
239250 -1.01
239545 -1.03
240201 -1.20
240577 -1.30
242068 -1.34
243653 -1.47
244215 -1.35
244863 -1.51
245483 -1.50
247447 -1.48
248087 -1.46
248980 -1.44
250461 -1.44
251521 -1.39
252959 -1.39
253880 -1.34
255233 -1.22
256053 -1.47
256501 -1.37
257247 -1.57
258477 -1.52
259228 -1.48
259958 -1.61
260754 -1.56
261595 -1.53
262411 -1.52
263207 -1.49
264046 -1.53
264834 -1.45
266492 -1.38
267434 -1.34
268679 -1.26
270680 -1.19
273012 -1.24
274445 -1.20
275218 -1.20
277925 -1.29
278602 -1.32
279543 -1.40
282301 -1.36
283492 -1.36
286217 -1.26
287846 -1.15
290571 -1.11
291769 -1.11
292474 -1.02
293676 -1.07
294615 -1.24
295849 -1.22
297131 -1.18
298051 -1.13
299020 -1.12
299877 -1.10
300646 -1.01
301496 -0.97
302456 -0.96
303334 -1.05
303953 -0.82
304590 -1.01
305306 -1.07
307131 -0.97
308101 -1.03
310039 -0.97
310930 -0.93
311774 -0.93
313493 -0.88
315143 -0.88
315940 -0.85
316681 -0.83
317445 -0.80
318980 -0.89
319754 -0.83
320378 -0.82
321386 -0.82
322111 -0.74
322582 -0.68
322827 -0.68
323485 -0.59
324189 -0.78
324991 -0.71
325527 -0.77
326239 -0.84
327114 -0.98
328097 -1.10
329267 -1.12
330208 -1.17
332293 -1.02
333627 -1.47
335290 -1.43
336972 -1.43
340165 -1.29
342998 -1.28
344735 -1.33
347610 -1.39
350765 -1.54
352412 -1.60
356838 -1.46
359688 -1.42
362766 -1.46
366221 -1.34
369563 -1.21
373014 -1.23
374561 -1.12
378194 -1.05
379633 -1.06
384909 -0.90
386579 -0.94
390589 -0.98
392451 -1.02
394628 -0.88
396713 -0.81
400390 -0.78
405844 -0.76
409022 -0.73
410831 -0.79
414085 -0.71
